<?xml version="1.0" encoding="UTF-8"?>
<testsuite xmlns:xsi="http://www.w3.org/2001/XMLSchema-instance" xsi:noNamespaceSchemaLocation="https://maven.apache.org/surefire/maven-surefire-plugin/xsd/surefire-test-report.xsd" name="runners.RunnerClass" time="308.89" tests="9" errors="0" skipped="0" failures="0">
  <properties>
[...]
</properties>
  <testcase name="Adding an employee in HRMS system" classname="Adding employees using different techniques" time="32.032"/>
  <testcase name="Adding an employee from feature file" classname="Adding employees using different techniques" time="30.582"/>
  <testcase name="Adding employees using data driven testing #1" classname="Adding employees using different techniques" time="30.443"/>
  <testcase name="Adding employees using data driven testing #2" classname="Adding employees using different techniques" time="30.648"/>
  <testcase name="Adding employees using the data tables" classname="Adding employees using different techniques" time="41.813"/>
  <testcase name="Add employees using the excel data file" classname="Adding employees using different techniques" time="71.524"/>
  <testcase name="Search employee by ID" classname="Employee search related scenarios" time="29.171"/>
  <testcase name="Search employee by Name" classname="Employee search related scenarios" time="32.163"/>
  <testcase name="Valid admin login" classname="Login related scenarios" time="9.462"/>
</testsuite>